warn Package react-native-sqlite-storage contains invalid configuration: "dependency.platforms.ios.project" is not allowed. Please verify it's properly linked using "npx react-native config" command and contact the package maintainers about this.
node:internal/modules/run_main:138
    triggerUncaughtException(
    ^

Error [ERR_MODULE_NOT_FOUND]: Cannot find module 'D:\wamp\www\personal\Habit-tracker-app\App' imported from D:\wamp\www\personal\Habit-tracker-app\index.js
Did you mean to import "./App.json"?
    at finalizeResolution (node:internal/modules/esm/resolve:279:11)
    at moduleResolve (node:internal/modules/esm/resolve:873:10)
    at defaultResolve (node:internal/modules/esm/resolve:997:11)
    at #cachedDefaultResolve (node:internal/modules/esm/loader:731:20)
    at ModuleLoader.resolve (node:internal/modules/esm/loader:708:38)
    at ModuleLoader.getModuleJobForImport (node:internal/modules/esm/loader:310:38)
    at ModuleJob._link (node:internal/modules/esm/module_job:182:49) {
  code: 'ERR_MODULE_NOT_FOUND',
  url: 'file:///D:/wamp/www/personal/Habit-tracker-app/App'
}

Node.js v22.22.1
error Your editor exited with an error!
node:internal/modules/run_main:138
    triggerUncaughtException(
    ^

Error [ERR_MODULE_NOT_FOUND]: Cannot find module 'D:\wamp\www\personal\Habit-tracker-app\App' imported from D:\wamp\www\personal\Habit-tracker-app\index.js
Did you mean to import "./App.json"?
    at finalizeResolution (node:internal/modules/esm/resolve:279:11)
    at moduleResolve (node:internal/modules/esm/resolve:873:10)
    at defaultResolve (node:internal/modules/esm/resolve:997:11)
    at #cachedDefaultResolve (node:internal/modules/esm/loader:731:20)
    at ModuleLoader.resolve (node:internal/modules/esm/loader:708:38)
    at ModuleLoader.getModuleJobForImport (node:internal/modules/esm/loader:310:38)
    at ModuleJob._link (node:internal/modules/esm/module_job:182:49) {
  code: 'ERR_MODULE_NOT_FOUND',
  url: 'file:///D:/wamp/www/personal/Habit-tracker-app/App'
}

Node.js v22.22.1
error Your editor exited with an error!
